<?xml version="1.0" encoding="UTF-8"?>
<testsuite name="org.mybatis.jpetstore.service.OrderServiceTest" tests="2" skipped="0" failures="0" errors="0" timestamp="2017-03-25T12:36:13" hostname="7cd1129f0788" time="0.155">
  <properties/>
  <testcase name="shouldReturnOrderWhenGivenOrderIdExistedLineItems" classname="org.mybatis.jpetstore.service.OrderServiceTest" time="0.115"/>
  <testcase name="shouldReturnOrderWhenGivenOrderIdWithOutLineItems" classname="org.mybatis.jpetstore.service.OrderServiceTest" time="0.005"/>
  <system-out><![CDATA[]]></system-out>
  <system-err><![CDATA[]]></system-err>
</testsuite>
