<?xml version="1.0" encoding="UTF-8"?>
<testsuite name="org.mybatis.jpetstore.service.AccountServiceTest" tests="1" skipped="0" failures="0" errors="0" timestamp="2017-03-25T12:36:11" hostname="7cd1129f0788" time="0.387">
  <properties/>
  <testcase name="shouldCallTheMapperToInsertAnAccount" classname="org.mybatis.jpetstore.service.AccountServiceTest" time="0.387"/>
  <system-out><![CDATA[]]></system-out>
  <system-err><![CDATA[]]></system-err>
</testsuite>
