<?xml version="1.0" encoding="UTF-8"?>
<testsuite name="org.mybatis.jpetstore.service.CatalogServiceTest" tests="1" skipped="0" failures="0" errors="0" timestamp="2017-03-25T12:36:13" hostname="7cd1129f0788" time="0.052">
  <properties/>
  <testcase name="shouldCallTheSearchMapperTwice" classname="org.mybatis.jpetstore.service.CatalogServiceTest" time="0.052"/>
  <system-out><![CDATA[]]></system-out>
  <system-err><![CDATA[]]></system-err>
</testsuite>
